<?xml version="1.0" encoding="UTF-8"?>
<!-- Generated by org.testng.reporters.JUnitReportReporter -->
<testsuite hostname="LAPTOP-DD9F4QAP" failures="0" tests="1" name="scripts.TestCase1" time="22.085" errors="0" timestamp="2022-04-01T18:02:27 IST" skipped="0">
  <testcase classname="scripts.TestCase1" name="tc1" time="22.085"/>
  <system-out/>
</testsuite> <!-- scripts.TestCase1 -->
